<?xml version="1.0" encoding="UTF-8"?>
<!-- Generated by org.testng.reporters.JUnitReportReporter -->
<testsuite hostname="nabeen-HP" failures="0" tests="2" name="cucumberOptions.FailedTestRunner" time="72.448" errors="2" timestamp="2023-11-06T00:08:45 CST" skipped="0">
  <testcase classname="cucumberOptions.FailedTestRunner" name="runScenario" time="36.279">
    <error message="Cannot invoke &quot;org.openqa.selenium.WebDriver.findElement(org.openqa.selenium.By)&quot; because &quot;this.driver&quot; is null" type="java.lang.NullPointerException">
      <![CDATA[java.lang.NullPointerException: Cannot invoke "org.openqa.selenium.WebDriver.findElement(org.openqa.selenium.By)" because "this.driver" is null
at pageObjects.OfferPage.searchProduct(OfferPage.java:21)
at stepDefinitions.OfferPageStepDefinition.user_searched_for_same_shortname_in_offers_page_to_check_if_product_exists(OfferPageStepDefinition.java:38)
at ✽.user searched for same shortname Tom in offers page(file:///C:/Users/muchaa/eclipse-workspace/CucumberFramework/src/test/java/features/searchProduct.feature:8)
]]>
    </error>
  </testcase> <!-- runScenario -->
  <testcase classname="cucumberOptions.FailedTestRunner" name="runScenario" time="36.169">
    <error message="Cannot invoke &quot;org.openqa.selenium.WebDriver.findElement(org.openqa.selenium.By)&quot; because &quot;this.driver&quot; is null" type="java.lang.NullPointerException">
      <![CDATA[java.lang.NullPointerException: Cannot invoke "org.openqa.selenium.WebDriver.findElement(org.openqa.selenium.By)" because "this.driver" is null
at pageObjects.OfferPage.searchProduct(OfferPage.java:21)
at stepDefinitions.OfferPageStepDefinition.user_searched_for_same_shortname_in_offers_page_to_check_if_product_exists(OfferPageStepDefinition.java:38)
at ✽.user searched for same shortname Beet in offers page(file:///C:/Users/muchaa/eclipse-workspace/CucumberFramework/src/test/java/features/searchProduct.feature:8)
]]>
    </error>
  </testcase> <!-- runScenario -->
</testsuite> <!-- cucumberOptions.FailedTestRunner -->
